<?xml version="1.0" encoding="UTF-8"?>
<!-- Generated by org.testng.reporters.JUnitReportReporter -->
<testsuite hostname="LAPTOP-5TH0HK7L" failures="0" tests="1" name="testCase.DeleteLead" time="26.829" errors="0" timestamp="2023-12-09T13:19:15 IST" skipped="0">
  <testcase classname="testCase.DeleteLead" name="runDeleteLead" time="26.829"/>
  <system-out/>
</testsuite> <!-- testCase.DeleteLead -->
