<?xml version="1.0" encoding="UTF-8"?>
<!-- Generated by org.testng.reporters.JUnitReportReporter -->
<testsuite hostname="LAPTOP-5TH0HK7L" failures="0" tests="3" name="mentorWeek5.day2.LearnPriority" time="0.021" errors="0" timestamp="2024-02-07T14:39:09 IST" skipped="0">
  <testcase classname="mentorWeek5.day2.LearnPriority" name="editLead" time="0.011"/>
  <system-out/>
  <testcase classname="mentorWeek5.day2.LearnPriority" name="createLead" time="0.006"/>
  <system-out/>
  <testcase classname="mentorWeek5.day2.LearnPriority" name="deleteLead" time="0.004"/>
  <system-out/>
</testsuite> <!-- mentorWeek5.day2.LearnPriority -->
