<?xml version="1.0" encoding="UTF-8"?>
<!-- Generated by org.testng.reporters.JUnitReportReporter -->
<testsuite hostname="LAPTOP-5TH0HK7L" failures="0" tests="1" name="mentorWeek5.day2.EditLead" time="29.535" errors="0" timestamp="2024-02-07T16:14:44 IST" skipped="0">
  <testcase classname="mentorWeek5.day2.EditLead" name="runEditLead" time="29.535"/>
  <system-out/>
</testsuite> <!-- mentorWeek5.day2.EditLead -->
