<?xml version="1.0" encoding="UTF-8"?>
<!-- Generated by org.testng.reporters.JUnitReportReporter -->
<testsuite hostname="LAPTOP-5TH0HK7L" failures="0" tests="2" name="week5.day1.LearnAnnotations" time="0.026" errors="0" timestamp="2024-03-13T13:31:09 IST" skipped="0">
  <testcase classname="week5.day1.LearnAnnotations" name="createLead" time="0.012"/>
  <system-out/>
  <testcase classname="week5.day1.LearnAnnotations" name="editLead" time="0.014"/>
  <system-out/>
</testsuite> <!-- week5.day1.LearnAnnotations -->
