<?xml version="1.0" encoding="UTF-8"?>
<!-- Generated by org.testng.reporters.JUnitReportReporter -->
<testsuite hostname="LAPTOP-5TH0HK7L" failures="0" tests="1" name="testCase.EditLead" time="40.284" errors="0" timestamp="2023-12-10T11:55:54 IST" skipped="0">
  <testcase classname="testCase.EditLead" name="runEditLead" time="40.284"/>
  <system-out/>
</testsuite> <!-- testCase.EditLead -->
