<?xml version="1.0" encoding="UTF-8"?>
<!-- Generated by org.testng.reporters.JUnitReportReporter -->
<testsuite hostname="LAPTOP-5TH0HK7L" failures="0" tests="3" name="mentorWeek5.day2.LearnEnabled" time="0.010" errors="0" timestamp="2024-02-07T14:41:23 IST" skipped="2">
  <testcase classname="mentorWeek5.day2.LearnEnabled" name="deleteLead" time="0.010"/>
  <system-out/>
  <testcase classname="mentorWeek5.day2.LearnEnabled" name="createLead">
    <skipped/>
  </testcase> <!-- createLead -->
  <system-out/>
  <testcase classname="mentorWeek5.day2.LearnEnabled" name="editLead">
    <skipped/>
  </testcase> <!-- editLead -->
  <system-out/>
</testsuite> <!-- mentorWeek5.day2.LearnEnabled -->
