<?xml version="1.0" encoding="UTF-8"?>
<!-- Generated by org.testng.reporters.JUnitReportReporter -->
<testsuite hostname="LAPTOP-5TH0HK7L" failures="0" tests="2" name="testNgDataProvider.CreateLead" time="39.454" errors="0" timestamp="2024-02-07T16:39:28 IST" skipped="0">
  <testcase classname="testNgDataProvider.CreateLead" name="runCreateLead" time="19.062"/>
  <system-out/>
  <testcase classname="testNgDataProvider.CreateLead" name="runCreateLead" time="20.392"/>
  <system-out/>
</testsuite> <!-- testNgDataProvider.CreateLead -->
