<?xml version="1.0" encoding="UTF-8"?>
<!-- Generated by org.testng.reporters.JUnitReportReporter -->
<testsuite hostname="LAPTOP-5TH0HK7L" failures="0" tests="2" name="testNgAttributes.CreateLead" time="66.191" errors="0" timestamp="2023-12-10T10:32:15 IST" skipped="0">
  <testcase classname="testNgAttributes.CreateLead" name="runCreateLead" time="29.826"/>
  <system-out/>
  <testcase classname="testNgAttributes.CreateLead" name="runCreateLead" time="36.365"/>
  <system-out/>
</testsuite> <!-- testNgAttributes.CreateLead -->
