<?xml version="1.0" encoding="UTF-8"?>
<!-- Generated by org.testng.reporters.JUnitReportReporter -->
<testsuite hostname="LAPTOP-5TH0HK7L" failures="0" tests="1" name="testCase.CreateLead" time="38.110" errors="0" timestamp="2023-12-10T11:55:54 IST" skipped="0">
  <testcase classname="testCase.CreateLead" name="runCreateLead" time="38.110"/>
  <system-out/>
</testsuite> <!-- testCase.CreateLead -->
