<?xml version="1.0" encoding="UTF-8"?>
<!-- Generated by org.testng.reporters.JUnitReportReporter -->
<testsuite hostname="LAPTOP-5TH0HK7L" failures="0" tests="3" name="mentorWeek5.day2.CreateLead" time="56.344" errors="0" timestamp="2024-02-07T16:44:28 IST" skipped="0">
  <testcase classname="mentorWeek5.day2.CreateLead" name="runCreateLead" time="18.200"/>
  <system-out/>
  <testcase classname="mentorWeek5.day2.CreateLead" name="runCreateLead" time="19.799"/>
  <system-out/>
  <testcase classname="mentorWeek5.day2.CreateLead" name="runCreateLead" time="18.345"/>
  <system-out/>
</testsuite> <!-- mentorWeek5.day2.CreateLead -->
