<?xml version="1.0" encoding="UTF-8"?>
<!-- Generated by org.testng.reporters.JUnitReportReporter -->
<testsuite hostname="LAPTOP-5TH0HK7L" failures="0" tests="1" name="testcase.Login_TC001" time="17.104" errors="0" timestamp="2023-12-23T10:50:46 IST" skipped="0">
  <testcase classname="testcase.Login_TC001" name="LoginData" time="17.104"/>
  <system-out/>
</testsuite> <!-- testcase.Login_TC001 -->
