<?xml version="1.0" encoding="UTF-8"?>
<!-- Generated by org.testng.reporters.JUnitReportReporter -->
<testsuite hostname="LAPTOP-5TH0HK7L" failures="0" tests="1" name="addExcel.EditLead" time="20.480" errors="0" timestamp="2024-02-08T12:55:09 IST" skipped="0">
  <testcase classname="addExcel.EditLead" name="runEditLead" time="20.480"/>
  <system-out/>
</testsuite> <!-- addExcel.EditLead -->
