<?xml version="1.0" encoding="UTF-8"?>
<!-- Generated by org.testng.reporters.JUnitReportReporter -->
<testsuite hostname="LAPTOP-5TH0HK7L" failures="0" tests="1" name="testNgAttributes.DeleteLead" time="29.108" errors="0" timestamp="2023-12-10T10:32:15 IST" skipped="0">
  <testcase classname="testNgAttributes.DeleteLead" name="runDeleteLead" time="29.108"/>
  <system-out/>
</testsuite> <!-- testNgAttributes.DeleteLead -->
